2019-février-22 19:00:55 [main] FATAL levy.daniel.application.apptechnic.configurationmanagers.gestionnairesbundles.BundleConfigurationProjetManager - Classe BundleConfigurationProjetManager - Méthode getBundleInterne(String pNomBaseProperties, Locale pLocale) - Le fichier 'configuration_projet_en_US.properties' est introuvable. Il devrait se trouver juste sous la racine des binaires /bin
java.util.MissingResourceException: Can't find bundle for base name configuration_projet, locale en_US
	at java.util.ResourceBundle.throwMissingResourceException(ResourceBundle.java:1573) ~[?:1.8.0_181]
	at java.util.ResourceBundle.getBundleImpl(ResourceBundle.java:1396) ~[?:1.8.0_181]
	at java.util.ResourceBundle.getBundle(ResourceBundle.java:854) ~[?:1.8.0_181]
	at levy.daniel.application.apptechnic.configurationmanagers.gestionnairesbundles.BundleConfigurationProjetManager.getBundleInterne(BundleConfigurationProjetManager.java:622) [classes/:?]
	at levy.daniel.application.apptechnic.configurationmanagers.gestionnairesbundles.BundleConfigurationProjetManager.getBundleConfigurationProjet(BundleConfigurationProjetManager.java:538) [classes/:?]
	at levy.daniel.application.apptechnic.configurationmanagers.gestionnairesbundles.BundleConfigurationProjetManager.getPathWorkspace(BundleConfigurationProjetManager.java:688) [classes/:?]
	at levy.daniel.application.apptechnic.configurationmanagers.gestionnairesbundles.BundleConfigurationProjetManager.getRacineMainResources(BundleConfigurationProjetManager.java:1272) [classes/:?]
	at levy.daniel.application.apptechnic.configurationmanagers.gestionnairestemplates.impl.GestionnaireTemplates.initialiserAttributs(GestionnaireTemplates.java:185) [classes/:?]
	at levy.daniel.application.apptechnic.configurationmanagers.gestionnairestemplates.impl.GestionnaireTemplates.<init>(GestionnaireTemplates.java:163) [classes/:?]
	at levy.daniel.application.apptechnic.configurationmanagers.gestionnairespreferences.GestionnaireLabelsProperties.creerCommentaire(GestionnaireLabelsProperties.java:254) [classes/:?]
	at levy.daniel.application.apptechnic.configurationmanagers.gestionnairespreferences.GestionnaireLabelsProperties.creerFichierProperties(GestionnaireLabelsProperties.java:158) [classes/:?]
	at levy.daniel.application.apptechnic.configurationmanagers.gestionnairespreferences.GestionnaireLabelsPropertiesTest.testcreerFichierProperties(GestionnaireLabelsPropertiesTest.java:115) [test-classes/:?]
	at sun.reflect.NativeMethodAccessorImpl.invoke0(Native Method) ~[?:1.8.0_181]
	at sun.reflect.NativeMethodAccessorImpl.invoke(NativeMethodAccessorImpl.java:62) ~[?:1.8.0_181]
	at sun.reflect.DelegatingMethodAccessorImpl.invoke(DelegatingMethodAccessorImpl.java:43) ~[?:1.8.0_181]
	at java.lang.reflect.Method.invoke(Method.java:498) ~[?:1.8.0_181]
	at org.junit.runners.model.FrameworkMethod$1.runReflectiveCall(FrameworkMethod.java:50) [..%5C..%5C..%5C..%5C.m2%5Crepository%5Cjunit%5Cjunit%5C4.12%5Cjunit-4.12.jar:4.12]
	at org.junit.internal.runners.model.ReflectiveCallable.run(ReflectiveCallable.java:12) [..%5C..%5C..%5C..%5C.m2%5Crepository%5Cjunit%5Cjunit%5C4.12%5Cjunit-4.12.jar:4.12]
	at org.junit.runners.model.FrameworkMethod.invokeExplosively(FrameworkMethod.java:47) [..%5C..%5C..%5C..%5C.m2%5Crepository%5Cjunit%5Cjunit%5C4.12%5Cjunit-4.12.jar:4.12]
	at org.junit.internal.runners.statements.InvokeMethod.evaluate(InvokeMethod.java:17) [..%5C..%5C..%5C..%5C.m2%5Crepository%5Cjunit%5Cjunit%5C4.12%5Cjunit-4.12.jar:4.12]
	at org.junit.runners.ParentRunner.runLeaf(ParentRunner.java:325) [..%5C..%5C..%5C..%5C.m2%5Crepository%5Cjunit%5Cjunit%5C4.12%5Cjunit-4.12.jar:4.12]
	at org.junit.runners.BlockJUnit4ClassRunner.runChild(BlockJUnit4ClassRunner.java:78) [..%5C..%5C..%5C..%5C.m2%5Crepository%5Cjunit%5Cjunit%5C4.12%5Cjunit-4.12.jar:4.12]
	at org.junit.runners.BlockJUnit4ClassRunner.runChild(BlockJUnit4ClassRunner.java:57) [..%5C..%5C..%5C..%5C.m2%5Crepository%5Cjunit%5Cjunit%5C4.12%5Cjunit-4.12.jar:4.12]
	at org.junit.runners.ParentRunner$3.run(ParentRunner.java:290) [..%5C..%5C..%5C..%5C.m2%5Crepository%5Cjunit%5Cjunit%5C4.12%5Cjunit-4.12.jar:4.12]
	at org.junit.runners.ParentRunner$1.schedule(ParentRunner.java:71) [..%5C..%5C..%5C..%5C.m2%5Crepository%5Cjunit%5Cjunit%5C4.12%5Cjunit-4.12.jar:4.12]
	at org.junit.runners.ParentRunner.runChildren(ParentRunner.java:288) [..%5C..%5C..%5C..%5C.m2%5Crepository%5Cjunit%5Cjunit%5C4.12%5Cjunit-4.12.jar:4.12]
	at org.junit.runners.ParentRunner.access$000(ParentRunner.java:58) [..%5C..%5C..%5C..%5C.m2%5Crepository%5Cjunit%5Cjunit%5C4.12%5Cjunit-4.12.jar:4.12]
	at org.junit.runners.ParentRunner$2.evaluate(ParentRunner.java:268) [..%5C..%5C..%5C..%5C.m2%5Crepository%5Cjunit%5Cjunit%5C4.12%5Cjunit-4.12.jar:4.12]
	at org.junit.runners.ParentRunner.run(ParentRunner.java:363) [..%5C..%5C..%5C..%5C.m2%5Crepository%5Cjunit%5Cjunit%5C4.12%5Cjunit-4.12.jar:4.12]
	at org.apache.maven.surefire.junit4.JUnit4Provider.execute(JUnit4Provider.java:365) [..%5C..%5C..%5C..%5C.m2%5Crepository%5Corg%5Capache%5Cmaven%5Csurefire%5Csurefire-junit4%5C3.0.0-M1%5Csurefire-junit4-3.0.0-M1.jar:3.0.0-M1]
	at org.apache.maven.surefire.junit4.JUnit4Provider.executeWithRerun(JUnit4Provider.java:273) [..%5C..%5C..%5C..%5C.m2%5Crepository%5Corg%5Capache%5Cmaven%5Csurefire%5Csurefire-junit4%5C3.0.0-M1%5Csurefire-junit4-3.0.0-M1.jar:3.0.0-M1]
	at org.apache.maven.surefire.junit4.JUnit4Provider.executeTestSet(JUnit4Provider.java:238) [..%5C..%5C..%5C..%5C.m2%5Crepository%5Corg%5Capache%5Cmaven%5Csurefire%5Csurefire-junit4%5C3.0.0-M1%5Csurefire-junit4-3.0.0-M1.jar:3.0.0-M1]
	at org.apache.maven.surefire.junit4.JUnit4Provider.invoke(JUnit4Provider.java:159) [..%5C..%5C..%5C..%5C.m2%5Crepository%5Corg%5Capache%5Cmaven%5Csurefire%5Csurefire-junit4%5C3.0.0-M1%5Csurefire-junit4-3.0.0-M1.jar:3.0.0-M1]
	at org.apache.maven.surefire.booter.ForkedBooter.invokeProviderInSameClassLoader(ForkedBooter.java:384) [..%5C..%5C..%5C..%5C.m2%5Crepository%5Corg%5Capache%5Cmaven%5Csurefire%5Csurefire-booter%5C3.0.0-M1%5Csurefire-booter-3.0.0-M1.jar:3.0.0-M1]
	at org.apache.maven.surefire.booter.ForkedBooter.runSuitesInProcess(ForkedBooter.java:345) [..%5C..%5C..%5C..%5C.m2%5Crepository%5Corg%5Capache%5Cmaven%5Csurefire%5Csurefire-booter%5C3.0.0-M1%5Csurefire-booter-3.0.0-M1.jar:3.0.0-M1]
	at org.apache.maven.surefire.booter.ForkedBooter.execute(ForkedBooter.java:126) [..%5C..%5C..%5C..%5C.m2%5Crepository%5Corg%5Capache%5Cmaven%5Csurefire%5Csurefire-booter%5C3.0.0-M1%5Csurefire-booter-3.0.0-M1.jar:3.0.0-M1]
	at org.apache.maven.surefire.booter.ForkedBooter.main(ForkedBooter.java:418) [..%5C..%5C..%5C..%5C.m2%5Crepository%5Corg%5Capache%5Cmaven%5Csurefire%5Csurefire-booter%5C3.0.0-M1%5Csurefire-booter-3.0.0-M1.jar:3.0.0-M1]
2019-février-22 19:00:55 [main] FATAL levy.daniel.application.apptechnic.configurationmanagers.gestionnairesbundles.BundleConfigurationProjetManager - Classe BundleConfigurationProjetManager - Méthode getBundleInterne(String pNomBaseProperties, Locale pLocale) - Le fichier 'configuration_projet_en_US.properties' est introuvable. Il devrait se trouver juste sous la racine des binaires /bin
java.util.MissingResourceException: Can't find bundle for base name configuration_projet, locale en_US
	at java.util.ResourceBundle.throwMissingResourceException(ResourceBundle.java:1573) ~[?:1.8.0_181]
	at java.util.ResourceBundle.getBundleImpl(ResourceBundle.java:1396) ~[?:1.8.0_181]
	at java.util.ResourceBundle.getBundle(ResourceBundle.java:854) ~[?:1.8.0_181]
	at levy.daniel.application.apptechnic.configurationmanagers.gestionnairesbundles.BundleConfigurationProjetManager.getBundleInterne(BundleConfigurationProjetManager.java:622) [classes/:?]
	at levy.daniel.application.apptechnic.configurationmanagers.gestionnairesbundles.BundleConfigurationProjetManager.getBundleConfigurationProjet(BundleConfigurationProjetManager.java:538) [classes/:?]
	at levy.daniel.application.apptechnic.configurationmanagers.gestionnairesbundles.BundleConfigurationProjetManager.getPathWorkspace(BundleConfigurationProjetManager.java:688) [classes/:?]
	at levy.daniel.application.apptechnic.configurationmanagers.gestionnairesbundles.BundleConfigurationProjetManager.getRacineMainResources(BundleConfigurationProjetManager.java:1272) [classes/:?]
	at levy.daniel.application.apptechnic.configurationmanagers.gestionnairespreferences.GestionnairePreferences.lireTemplate(GestionnairePreferences.java:675) [classes/:?]
	at levy.daniel.application.apptechnic.configurationmanagers.gestionnairespreferences.GestionnairePreferences.lireTemplateString(GestionnairePreferences.java:625) [classes/:?]
	at levy.daniel.application.apptechnic.configurationmanagers.gestionnairespreferences.GestionnairePreferences.instancierAttributsFichierProperties(GestionnairePreferences.java:446) [classes/:?]
	at levy.daniel.application.apptechnic.configurationmanagers.gestionnairespreferences.GestionnairePreferences.lireFichierPreferencesProperties(GestionnairePreferences.java:515) [classes/:?]
	at levy.daniel.application.apptechnic.configurationmanagers.gestionnairespreferences.GestionnairePreferences.fournirCharsetPrefere(GestionnairePreferences.java:1346) [classes/:?]
	at levy.daniel.application.apptechnic.configurationmanagers.gestionnairespreferences.GestionnairePreferences.getCharsetApplication(GestionnairePreferences.java:1418) [classes/:?]
	at levy.daniel.application.apptechnic.configurationmanagers.gestionnairespreferences.GestionnairePreferencesTest.testInitialisation(GestionnairePreferencesTest.java:163) [test-classes/:?]
	at sun.reflect.NativeMethodAccessorImpl.invoke0(Native Method) ~[?:1.8.0_181]
	at sun.reflect.NativeMethodAccessorImpl.invoke(NativeMethodAccessorImpl.java:62) ~[?:1.8.0_181]
	at sun.reflect.DelegatingMethodAccessorImpl.invoke(DelegatingMethodAccessorImpl.java:43) ~[?:1.8.0_181]
	at java.lang.reflect.Method.invoke(Method.java:498) ~[?:1.8.0_181]
	at org.junit.runners.model.FrameworkMethod$1.runReflectiveCall(FrameworkMethod.java:50) [..%5C..%5C..%5C..%5C.m2%5Crepository%5Cjunit%5Cjunit%5C4.12%5Cjunit-4.12.jar:4.12]
	at org.junit.internal.runners.model.ReflectiveCallable.run(ReflectiveCallable.java:12) [..%5C..%5C..%5C..%5C.m2%5Crepository%5Cjunit%5Cjunit%5C4.12%5Cjunit-4.12.jar:4.12]
	at org.junit.runners.model.FrameworkMethod.invokeExplosively(FrameworkMethod.java:47) [..%5C..%5C..%5C..%5C.m2%5Crepository%5Cjunit%5Cjunit%5C4.12%5Cjunit-4.12.jar:4.12]
	at org.junit.internal.runners.statements.InvokeMethod.evaluate(InvokeMethod.java:17) [..%5C..%5C..%5C..%5C.m2%5Crepository%5Cjunit%5Cjunit%5C4.12%5Cjunit-4.12.jar:4.12]
	at org.junit.runners.ParentRunner.runLeaf(ParentRunner.java:325) [..%5C..%5C..%5C..%5C.m2%5Crepository%5Cjunit%5Cjunit%5C4.12%5Cjunit-4.12.jar:4.12]
	at org.junit.runners.BlockJUnit4ClassRunner.runChild(BlockJUnit4ClassRunner.java:78) [..%5C..%5C..%5C..%5C.m2%5Crepository%5Cjunit%5Cjunit%5C4.12%5Cjunit-4.12.jar:4.12]
	at org.junit.runners.BlockJUnit4ClassRunner.runChild(BlockJUnit4ClassRunner.java:57) [..%5C..%5C..%5C..%5C.m2%5Crepository%5Cjunit%5Cjunit%5C4.12%5Cjunit-4.12.jar:4.12]
	at org.junit.runners.ParentRunner$3.run(ParentRunner.java:290) [..%5C..%5C..%5C..%5C.m2%5Crepository%5Cjunit%5Cjunit%5C4.12%5Cjunit-4.12.jar:4.12]
	at org.junit.runners.ParentRunner$1.schedule(ParentRunner.java:71) [..%5C..%5C..%5C..%5C.m2%5Crepository%5Cjunit%5Cjunit%5C4.12%5Cjunit-4.12.jar:4.12]
	at org.junit.runners.ParentRunner.runChildren(ParentRunner.java:288) [..%5C..%5C..%5C..%5C.m2%5Crepository%5Cjunit%5Cjunit%5C4.12%5Cjunit-4.12.jar:4.12]
	at org.junit.runners.ParentRunner.access$000(ParentRunner.java:58) [..%5C..%5C..%5C..%5C.m2%5Crepository%5Cjunit%5Cjunit%5C4.12%5Cjunit-4.12.jar:4.12]
	at org.junit.runners.ParentRunner$2.evaluate(ParentRunner.java:268) [..%5C..%5C..%5C..%5C.m2%5Crepository%5Cjunit%5Cjunit%5C4.12%5Cjunit-4.12.jar:4.12]
	at org.junit.runners.ParentRunner.run(ParentRunner.java:363) [..%5C..%5C..%5C..%5C.m2%5Crepository%5Cjunit%5Cjunit%5C4.12%5Cjunit-4.12.jar:4.12]
	at org.apache.maven.surefire.junit4.JUnit4Provider.execute(JUnit4Provider.java:365) [..%5C..%5C..%5C..%5C.m2%5Crepository%5Corg%5Capache%5Cmaven%5Csurefire%5Csurefire-junit4%5C3.0.0-M1%5Csurefire-junit4-3.0.0-M1.jar:3.0.0-M1]
	at org.apache.maven.surefire.junit4.JUnit4Provider.executeWithRerun(JUnit4Provider.java:273) [..%5C..%5C..%5C..%5C.m2%5Crepository%5Corg%5Capache%5Cmaven%5Csurefire%5Csurefire-junit4%5C3.0.0-M1%5Csurefire-junit4-3.0.0-M1.jar:3.0.0-M1]
	at org.apache.maven.surefire.junit4.JUnit4Provider.executeTestSet(JUnit4Provider.java:238) [..%5C..%5C..%5C..%5C.m2%5Crepository%5Corg%5Capache%5Cmaven%5Csurefire%5Csurefire-junit4%5C3.0.0-M1%5Csurefire-junit4-3.0.0-M1.jar:3.0.0-M1]
	at org.apache.maven.surefire.junit4.JUnit4Provider.invoke(JUnit4Provider.java:159) [..%5C..%5C..%5C..%5C.m2%5Crepository%5Corg%5Capache%5Cmaven%5Csurefire%5Csurefire-junit4%5C3.0.0-M1%5Csurefire-junit4-3.0.0-M1.jar:3.0.0-M1]
	at org.apache.maven.surefire.booter.ForkedBooter.invokeProviderInSameClassLoader(ForkedBooter.java:384) [..%5C..%5C..%5C..%5C.m2%5Crepository%5Corg%5Capache%5Cmaven%5Csurefire%5Csurefire-booter%5C3.0.0-M1%5Csurefire-booter-3.0.0-M1.jar:3.0.0-M1]
	at org.apache.maven.surefire.booter.ForkedBooter.runSuitesInProcess(ForkedBooter.java:345) [..%5C..%5C..%5C..%5C.m2%5Crepository%5Corg%5Capache%5Cmaven%5Csurefire%5Csurefire-booter%5C3.0.0-M1%5Csurefire-booter-3.0.0-M1.jar:3.0.0-M1]
	at org.apache.maven.surefire.booter.ForkedBooter.execute(ForkedBooter.java:126) [..%5C..%5C..%5C..%5C.m2%5Crepository%5Corg%5Capache%5Cmaven%5Csurefire%5Csurefire-booter%5C3.0.0-M1%5Csurefire-booter-3.0.0-M1.jar:3.0.0-M1]
	at org.apache.maven.surefire.booter.ForkedBooter.main(ForkedBooter.java:418) [..%5C..%5C..%5C..%5C.m2%5Crepository%5Corg%5Capache%5Cmaven%5Csurefire%5Csurefire-booter%5C3.0.0-M1%5Csurefire-booter-3.0.0-M1.jar:3.0.0-M1]
2019-février-22 19:00:55 [main] FATAL levy.daniel.application.apptechnic.configurationmanagers.gestionnairesbundles.BundleConfigurationProjetManager - Classe BundleConfigurationProjetManager - Méthode getBundleInterne(String pNomBaseProperties, Locale pLocale) - Le fichier 'configuration_projet_en_US.properties' est introuvable. Il devrait se trouver juste sous la racine des binaires /bin
java.util.MissingResourceException: Can't find bundle for base name configuration_projet, locale en_US
	at java.util.ResourceBundle.throwMissingResourceException(ResourceBundle.java:1573) ~[?:1.8.0_181]
	at java.util.ResourceBundle.getBundleImpl(ResourceBundle.java:1396) ~[?:1.8.0_181]
	at java.util.ResourceBundle.getBundle(ResourceBundle.java:854) ~[?:1.8.0_181]
	at levy.daniel.application.apptechnic.configurationmanagers.gestionnairesbundles.BundleConfigurationProjetManager.getBundleInterne(BundleConfigurationProjetManager.java:622) [classes/:?]
	at levy.daniel.application.apptechnic.configurationmanagers.gestionnairesbundles.BundleConfigurationProjetManager.getBundleConfigurationProjet(BundleConfigurationProjetManager.java:538) [classes/:?]
	at levy.daniel.application.apptechnic.configurationmanagers.gestionnairesbundles.BundleConfigurationProjetManager.getPathWorkspace(BundleConfigurationProjetManager.java:688) [classes/:?]
	at levy.daniel.application.apptechnic.configurationmanagers.gestionnairesbundles.BundleConfigurationProjetManager.getRacineMainResources(BundleConfigurationProjetManager.java:1272) [classes/:?]
	at levy.daniel.application.apptechnic.configurationmanagers.gestionnairespreferences.GestionnairePreferences.lireTemplate(GestionnairePreferences.java:675) [classes/:?]
	at levy.daniel.application.apptechnic.configurationmanagers.gestionnairespreferences.GestionnairePreferences.lireTemplateString(GestionnairePreferences.java:625) [classes/:?]
	at levy.daniel.application.apptechnic.configurationmanagers.gestionnairespreferences.GestionnairePreferences.instancierAttributsFichierProperties(GestionnairePreferences.java:446) [classes/:?]
	at levy.daniel.application.apptechnic.configurationmanagers.gestionnairespreferences.GestionnairePreferences.enregistrerFichierPreferencesProperties(GestionnairePreferences.java:566) [classes/:?]
	at levy.daniel.application.apptechnic.configurationmanagers.gestionnairespreferences.GestionnairePreferences.setCharsetApplication(GestionnairePreferences.java:1475) [classes/:?]
	at levy.daniel.application.apptechnic.configurationmanagers.gestionnairespreferences.GestionnairePreferencesTest.testParametrage(GestionnairePreferencesTest.java:196) [test-classes/:?]
	at sun.reflect.NativeMethodAccessorImpl.invoke0(Native Method) ~[?:1.8.0_181]
	at sun.reflect.NativeMethodAccessorImpl.invoke(NativeMethodAccessorImpl.java:62) ~[?:1.8.0_181]
	at sun.reflect.DelegatingMethodAccessorImpl.invoke(DelegatingMethodAccessorImpl.java:43) ~[?:1.8.0_181]
	at java.lang.reflect.Method.invoke(Method.java:498) ~[?:1.8.0_181]
	at org.junit.runners.model.FrameworkMethod$1.runReflectiveCall(FrameworkMethod.java:50) [..%5C..%5C..%5C..%5C.m2%5Crepository%5Cjunit%5Cjunit%5C4.12%5Cjunit-4.12.jar:4.12]
	at org.junit.internal.runners.model.ReflectiveCallable.run(ReflectiveCallable.java:12) [..%5C..%5C..%5C..%5C.m2%5Crepository%5Cjunit%5Cjunit%5C4.12%5Cjunit-4.12.jar:4.12]
	at org.junit.runners.model.FrameworkMethod.invokeExplosively(FrameworkMethod.java:47) [..%5C..%5C..%5C..%5C.m2%5Crepository%5Cjunit%5Cjunit%5C4.12%5Cjunit-4.12.jar:4.12]
	at org.junit.internal.runners.statements.InvokeMethod.evaluate(InvokeMethod.java:17) [..%5C..%5C..%5C..%5C.m2%5Crepository%5Cjunit%5Cjunit%5C4.12%5Cjunit-4.12.jar:4.12]
	at org.junit.runners.ParentRunner.runLeaf(ParentRunner.java:325) [..%5C..%5C..%5C..%5C.m2%5Crepository%5Cjunit%5Cjunit%5C4.12%5Cjunit-4.12.jar:4.12]
	at org.junit.runners.BlockJUnit4ClassRunner.runChild(BlockJUnit4ClassRunner.java:78) [..%5C..%5C..%5C..%5C.m2%5Crepository%5Cjunit%5Cjunit%5C4.12%5Cjunit-4.12.jar:4.12]
	at org.junit.runners.BlockJUnit4ClassRunner.runChild(BlockJUnit4ClassRunner.java:57) [..%5C..%5C..%5C..%5C.m2%5Crepository%5Cjunit%5Cjunit%5C4.12%5Cjunit-4.12.jar:4.12]
	at org.junit.runners.ParentRunner$3.run(ParentRunner.java:290) [..%5C..%5C..%5C..%5C.m2%5Crepository%5Cjunit%5Cjunit%5C4.12%5Cjunit-4.12.jar:4.12]
	at org.junit.runners.ParentRunner$1.schedule(ParentRunner.java:71) [..%5C..%5C..%5C..%5C.m2%5Crepository%5Cjunit%5Cjunit%5C4.12%5Cjunit-4.12.jar:4.12]
	at org.junit.runners.ParentRunner.runChildren(ParentRunner.java:288) [..%5C..%5C..%5C..%5C.m2%5Crepository%5Cjunit%5Cjunit%5C4.12%5Cjunit-4.12.jar:4.12]
	at org.junit.runners.ParentRunner.access$000(ParentRunner.java:58) [..%5C..%5C..%5C..%5C.m2%5Crepository%5Cjunit%5Cjunit%5C4.12%5Cjunit-4.12.jar:4.12]
	at org.junit.runners.ParentRunner$2.evaluate(ParentRunner.java:268) [..%5C..%5C..%5C..%5C.m2%5Crepository%5Cjunit%5Cjunit%5C4.12%5Cjunit-4.12.jar:4.12]
	at org.junit.runners.ParentRunner.run(ParentRunner.java:363) [..%5C..%5C..%5C..%5C.m2%5Crepository%5Cjunit%5Cjunit%5C4.12%5Cjunit-4.12.jar:4.12]
	at org.apache.maven.surefire.junit4.JUnit4Provider.execute(JUnit4Provider.java:365) [..%5C..%5C..%5C..%5C.m2%5Crepository%5Corg%5Capache%5Cmaven%5Csurefire%5Csurefire-junit4%5C3.0.0-M1%5Csurefire-junit4-3.0.0-M1.jar:3.0.0-M1]
	at org.apache.maven.surefire.junit4.JUnit4Provider.executeWithRerun(JUnit4Provider.java:273) [..%5C..%5C..%5C..%5C.m2%5Crepository%5Corg%5Capache%5Cmaven%5Csurefire%5Csurefire-junit4%5C3.0.0-M1%5Csurefire-junit4-3.0.0-M1.jar:3.0.0-M1]
	at org.apache.maven.surefire.junit4.JUnit4Provider.executeTestSet(JUnit4Provider.java:238) [..%5C..%5C..%5C..%5C.m2%5Crepository%5Corg%5Capache%5Cmaven%5Csurefire%5Csurefire-junit4%5C3.0.0-M1%5Csurefire-junit4-3.0.0-M1.jar:3.0.0-M1]
	at org.apache.maven.surefire.junit4.JUnit4Provider.invoke(JUnit4Provider.java:159) [..%5C..%5C..%5C..%5C.m2%5Crepository%5Corg%5Capache%5Cmaven%5Csurefire%5Csurefire-junit4%5C3.0.0-M1%5Csurefire-junit4-3.0.0-M1.jar:3.0.0-M1]
	at org.apache.maven.surefire.booter.ForkedBooter.invokeProviderInSameClassLoader(ForkedBooter.java:384) [..%5C..%5C..%5C..%5C.m2%5Crepository%5Corg%5Capache%5Cmaven%5Csurefire%5Csurefire-booter%5C3.0.0-M1%5Csurefire-booter-3.0.0-M1.jar:3.0.0-M1]
	at org.apache.maven.surefire.booter.ForkedBooter.runSuitesInProcess(ForkedBooter.java:345) [..%5C..%5C..%5C..%5C.m2%5Crepository%5Corg%5Capache%5Cmaven%5Csurefire%5Csurefire-booter%5C3.0.0-M1%5Csurefire-booter-3.0.0-M1.jar:3.0.0-M1]
	at org.apache.maven.surefire.booter.ForkedBooter.execute(ForkedBooter.java:126) [..%5C..%5C..%5C..%5C.m2%5Crepository%5Corg%5Capache%5Cmaven%5Csurefire%5Csurefire-booter%5C3.0.0-M1%5Csurefire-booter-3.0.0-M1.jar:3.0.0-M1]
	at org.apache.maven.surefire.booter.ForkedBooter.main(ForkedBooter.java:418) [..%5C..%5C..%5C..%5C.m2%5Crepository%5Corg%5Capache%5Cmaven%5Csurefire%5Csurefire-booter%5C3.0.0-M1%5Csurefire-booter-3.0.0-M1.jar:3.0.0-M1]
2019-février-22 19:00:55 [main] FATAL levy.daniel.application.apptechnic.configurationmanagers.gestionnairesbundles.BundleConfigurationProjetManager - Classe BundleConfigurationProjetManager - Méthode getBundleInterne(String pNomBaseProperties, Locale pLocale) - Le fichier 'configuration_projet_en_US.properties' est introuvable. Il devrait se trouver juste sous la racine des binaires /bin
java.util.MissingResourceException: Can't find bundle for base name configuration_projet, locale en_US
	at java.util.ResourceBundle.throwMissingResourceException(ResourceBundle.java:1573) ~[?:1.8.0_181]
	at java.util.ResourceBundle.getBundleImpl(ResourceBundle.java:1396) ~[?:1.8.0_181]
	at java.util.ResourceBundle.getBundle(ResourceBundle.java:854) ~[?:1.8.0_181]
	at levy.daniel.application.apptechnic.configurationmanagers.gestionnairesbundles.BundleConfigurationProjetManager.getBundleInterne(BundleConfigurationProjetManager.java:622) [classes/:?]
	at levy.daniel.application.apptechnic.configurationmanagers.gestionnairesbundles.BundleConfigurationProjetManager.getBundleConfigurationProjet(BundleConfigurationProjetManager.java:538) [classes/:?]
	at levy.daniel.application.apptechnic.configurationmanagers.gestionnairesbundles.BundleConfigurationProjetManager.getPathWorkspace(BundleConfigurationProjetManager.java:688) [classes/:?]
	at levy.daniel.application.apptechnic.configurationmanagers.gestionnairesbundles.BundleConfigurationProjetManager.getRacineMainResources(BundleConfigurationProjetManager.java:1272) [classes/:?]
	at levy.daniel.application.apptechnic.configurationmanagers.gestionnairestemplates.impl.GestionnaireTemplates.initialiserAttributs(GestionnaireTemplates.java:185) [classes/:?]
	at levy.daniel.application.apptechnic.configurationmanagers.gestionnairestemplates.impl.GestionnaireTemplates.<init>(GestionnaireTemplates.java:163) [classes/:?]
	at levy.daniel.application.apptechnic.configurationmanagers.gestionnairespreferences.GestionnairePropertiesTest.setUpBeforeClass(GestionnairePropertiesTest.java:624) [test-classes/:?]
	at sun.reflect.NativeMethodAccessorImpl.invoke0(Native Method) ~[?:1.8.0_181]
	at sun.reflect.NativeMethodAccessorImpl.invoke(NativeMethodAccessorImpl.java:62) ~[?:1.8.0_181]
	at sun.reflect.DelegatingMethodAccessorImpl.invoke(DelegatingMethodAccessorImpl.java:43) ~[?:1.8.0_181]
	at java.lang.reflect.Method.invoke(Method.java:498) ~[?:1.8.0_181]
	at org.junit.runners.model.FrameworkMethod$1.runReflectiveCall(FrameworkMethod.java:50) [..%5C..%5C..%5C..%5C.m2%5Crepository%5Cjunit%5Cjunit%5C4.12%5Cjunit-4.12.jar:4.12]
	at org.junit.internal.runners.model.ReflectiveCallable.run(ReflectiveCallable.java:12) [..%5C..%5C..%5C..%5C.m2%5Crepository%5Cjunit%5Cjunit%5C4.12%5Cjunit-4.12.jar:4.12]
	at org.junit.runners.model.FrameworkMethod.invokeExplosively(FrameworkMethod.java:47) [..%5C..%5C..%5C..%5C.m2%5Crepository%5Cjunit%5Cjunit%5C4.12%5Cjunit-4.12.jar:4.12]
	at org.junit.internal.runners.statements.RunBefores.evaluate(RunBefores.java:24) [..%5C..%5C..%5C..%5C.m2%5Crepository%5Cjunit%5Cjunit%5C4.12%5Cjunit-4.12.jar:4.12]
	at org.junit.runners.ParentRunner.run(ParentRunner.java:363) [..%5C..%5C..%5C..%5C.m2%5Crepository%5Cjunit%5Cjunit%5C4.12%5Cjunit-4.12.jar:4.12]
	at org.apache.maven.surefire.junit4.JUnit4Provider.execute(JUnit4Provider.java:365) [..%5C..%5C..%5C..%5C.m2%5Crepository%5Corg%5Capache%5Cmaven%5Csurefire%5Csurefire-junit4%5C3.0.0-M1%5Csurefire-junit4-3.0.0-M1.jar:3.0.0-M1]
	at org.apache.maven.surefire.junit4.JUnit4Provider.executeWithRerun(JUnit4Provider.java:273) [..%5C..%5C..%5C..%5C.m2%5Crepository%5Corg%5Capache%5Cmaven%5Csurefire%5Csurefire-junit4%5C3.0.0-M1%5Csurefire-junit4-3.0.0-M1.jar:3.0.0-M1]
	at org.apache.maven.surefire.junit4.JUnit4Provider.executeTestSet(JUnit4Provider.java:238) [..%5C..%5C..%5C..%5C.m2%5Crepository%5Corg%5Capache%5Cmaven%5Csurefire%5Csurefire-junit4%5C3.0.0-M1%5Csurefire-junit4-3.0.0-M1.jar:3.0.0-M1]
	at org.apache.maven.surefire.junit4.JUnit4Provider.invoke(JUnit4Provider.java:159) [..%5C..%5C..%5C..%5C.m2%5Crepository%5Corg%5Capache%5Cmaven%5Csurefire%5Csurefire-junit4%5C3.0.0-M1%5Csurefire-junit4-3.0.0-M1.jar:3.0.0-M1]
	at org.apache.maven.surefire.booter.ForkedBooter.invokeProviderInSameClassLoader(ForkedBooter.java:384) [..%5C..%5C..%5C..%5C.m2%5Crepository%5Corg%5Capache%5Cmaven%5Csurefire%5Csurefire-booter%5C3.0.0-M1%5Csurefire-booter-3.0.0-M1.jar:3.0.0-M1]
	at org.apache.maven.surefire.booter.ForkedBooter.runSuitesInProcess(ForkedBooter.java:345) [..%5C..%5C..%5C..%5C.m2%5Crepository%5Corg%5Capache%5Cmaven%5Csurefire%5Csurefire-booter%5C3.0.0-M1%5Csurefire-booter-3.0.0-M1.jar:3.0.0-M1]
	at org.apache.maven.surefire.booter.ForkedBooter.execute(ForkedBooter.java:126) [..%5C..%5C..%5C..%5C.m2%5Crepository%5Corg%5Capache%5Cmaven%5Csurefire%5Csurefire-booter%5C3.0.0-M1%5Csurefire-booter-3.0.0-M1.jar:3.0.0-M1]
	at org.apache.maven.surefire.booter.ForkedBooter.main(ForkedBooter.java:418) [..%5C..%5C..%5C..%5C.m2%5Crepository%5Corg%5Capache%5Cmaven%5Csurefire%5Csurefire-booter%5C3.0.0-M1%5Csurefire-booter-3.0.0-M1.jar:3.0.0-M1]
